<?xml version="1.0" encoding="UTF-8"?>
<!-- Generated by org.testng.reporters.JUnitReportReporter -->
<testsuite hostname="DESKTOP-VTDFEPK" failures="0" tests="1" name="AllConcepts.Streams" time="0.022" errors="0" timestamp="2024-09-14T11:30:27 IST" skipped="0">
  <testcase classname="AllConcepts.Streams" name="streamCollect" time="0.022"/>
</testsuite> <!-- AllConcepts.Streams -->
