<?xml version="1.0" encoding="UTF-8"?>
<!-- Generated by org.testng.reporters.JUnitReportReporter -->
<testsuite hostname="DESKTOP-VTDFEPK" failures="0" tests="1" name="AllConcepts.Abc" time="0.016" errors="0" timestamp="2024-09-11T15:31:10 IST" skipped="0">
  <testcase classname="AllConcepts.Abc" name="konk" time="0.016"/>
</testsuite> <!-- AllConcepts.Abc -->
